{"name": "Заказы пользователя отображаются в Ленте заказов", "status": "broken", "statusDetails": {"message": "selenium.common.exceptions.MoveTargetOutOfBoundsException: Message: Move target (496, 820) is out of bounds of viewport dimensions (1280, 803)\nStacktrace:\nRemoteError@chrome://remote/content/shared/RemoteError.sys.mjs:8:8\nWebDriverError@chrome://remote/content/shared/webdriver/Errors.sys.mjs:199:5\nMoveTargetOutOfBoundsError@chrome://remote/content/shared/webdriver/Errors.sys.mjs:518:5\nassertTargetInViewPort@chrome://remote/content/shared/webdriver/Actions.sys.mjs:3122:11\n#assertInViewPort@chrome://remote/content/marionette/actors/MarionetteCommandsChild.sys.mjs:67:17\nreceiveMessage@chrome://remote/content/marionette/actors/MarionetteCommandsChild.sys.mjs:187:42", "trace": "self = <tests.test_orders_feed.TestOrdersFeed object at 0x102dd3230>, driver = <selenium.webdriver.firefox.webdriver.WebDriver (session=\"ab681d86-cebb-4818-890c-0ace302cbbac\")>\n\n    @allure.title('Заказы пользователя отображаются в Ленте заказов')\n    @allure.description('Заказы пользователя из раздела «История заказов» отображаются на странице «Лента заказов»')\n    def test_users_order_is_displayed_in_orders_feed(self, driver):\n        order = OrdersFeed(driver)\n        login = LoginPage(driver)\n        account = AccountPage(driver)\n    \n        login.submit_login_form()\n        order.drag_and_drop_bun()\n>       order.drag_and_drop_ingredient()\n\ntests/test_orders_feed.py:30: \n_ _ _ _ _ _ _ _ _ _ _ _ _ _ _ _ _ _ _ _ _ _ _ _ _ _ _ _ _ _ _ _ _ _ _ _ _ _ _ _ _ _ _ _ _ _ _ _ _ _ _ _ _ _ _ _ _ _ _ _ _ _ _ _ _ _ _ _ _ _ _ _ _ _ _ _ _ _ _ _ _ _ _ _ _ _ _ _ _ _ _ _ _ _ \npages/base_page.py:127: in drag_and_drop_ingredient\n    self.actions.drag_and_drop(draggable, droppable).perform()\n../../../../../.pyenv/versions/3.13.4/lib/python3.13/site-packages/selenium/webdriver/common/action_chains.py:93: in perform\n    self.w3c_actions.perform()\n../../../../../.pyenv/versions/3.13.4/lib/python3.13/site-packages/selenium/webdriver/common/actions/action_builder.py:168: in perform\n    self.driver.execute(Command.W3C_ACTIONS, enc)\n../../../../../.pyenv/versions/3.13.4/lib/python3.13/site-packages/selenium/webdriver/remote/webdriver.py:454: in execute\n    self.error_handler.check_response(response)\n_ _ _ _ _ _ _ _ _ _ _ _ _ _ _ _ _ _ _ _ _ _ _ _ _ _ _ _ _ _ _ _ _ _ _ _ _ _ _ _ _ _ _ _ _ _ _ _ _ _ _ _ _ _ _ _ _ _ _ _ _ _ _ _ _ _ _ _ _ _ _ _ _ _ _ _ _ _ _ _ _ _ _ _ _ _ _ _ _ _ _ _ _ _ \n\nself = <selenium.webdriver.remote.errorhandler.ErrorHandler object at 0x1033439b0>\nresponse = {'status': 500, 'value': '{\"value\":{\"error\":\"move target out of bounds\",\"message\":\"Move target (496, 820) is out of bo...sys.mjs:67:17\\\\nreceiveMessage@chrome://remote/content/marionette/actors/MarionetteCommandsChild.sys.mjs:187:42\\\\n\"}}'}\n\n    def check_response(self, response: dict[str, Any]) -> None:\n        \"\"\"Checks that a JSON response from the WebDriver does not have an\n        error.\n    \n        :Args:\n         - response - The JSON response from the WebDriver server as a dictionary\n           object.\n    \n        :Raises: If the response contains an error message.\n        \"\"\"\n        status = response.get(\"status\", None)\n        if not status or status == ErrorCode.SUCCESS:\n            return\n        value = None\n        message = response.get(\"message\", \"\")\n        screen: str = response.get(\"screen\", \"\")\n        stacktrace = None\n        if isinstance(status, int):\n            value_json = response.get(\"value\", None)\n            if value_json and isinstance(value_json, str):\n                try:\n                    value = json.loads(value_json)\n                    if isinstance(value, dict):\n                        if len(value) == 1:\n                            value = value[\"value\"]\n                        status = value.get(\"error\", None)\n                        if not status:\n                            status = value.get(\"status\", ErrorCode.UNKNOWN_ERROR)\n                            message = value.get(\"value\") or value.get(\"message\")\n                            if not isinstance(message, str):\n                                value = message\n                                message = message.get(\"message\")\n                        else:\n                            message = value.get(\"message\", None)\n                except ValueError:\n                    pass\n    \n        exception_class: type[WebDriverException]\n        e = ErrorCode()\n        error_codes = [item for item in dir(e) if not item.startswith(\"__\")]\n        for error_code in error_codes:\n            error_info = getattr(ErrorCode, error_code)\n            if isinstance(error_info, list) and status in error_info:\n                exception_class = getattr(ExceptionMapping, error_code, WebDriverException)\n                break\n        else:\n            exception_class = WebDriverException\n    \n        if not value:\n            value = response[\"value\"]\n        if isinstance(value, str):\n            raise exception_class(value)\n        if message == \"\" and \"message\" in value:\n            message = value[\"message\"]\n    \n        screen = None  # type: ignore[assignment]\n        if \"screen\" in value:\n            screen = value[\"screen\"]\n    \n        stacktrace = None\n        st_value = value.get(\"stackTrace\") or value.get(\"stacktrace\")\n        if st_value:\n            if isinstance(st_value, str):\n                stacktrace = st_value.split(\"\\n\")\n            else:\n                stacktrace = []\n                try:\n                    for frame in st_value:\n                        line = frame.get(\"lineNumber\", \"\")\n                        file = frame.get(\"fileName\", \"<anonymous>\")\n                        if line:\n                            file = f\"{file}:{line}\"\n                        meth = frame.get(\"methodName\", \"<anonymous>\")\n                        if \"className\" in frame:\n                            meth = f\"{frame['className']}.{meth}\"\n                        msg = \"    at %s (%s)\"\n                        msg = msg % (meth, file)\n                        stacktrace.append(msg)\n                except TypeError:\n                    pass\n        if exception_class == UnexpectedAlertPresentException:\n            alert_text = None\n            if \"data\" in value:\n                alert_text = value[\"data\"].get(\"text\")\n            elif \"alert\" in value:\n                alert_text = value[\"alert\"].get(\"text\")\n            raise exception_class(message, screen, stacktrace, alert_text)  # type: ignore[call-arg]  # mypy is not smart enough here\n>       raise exception_class(message, screen, stacktrace)\nE       selenium.common.exceptions.MoveTargetOutOfBoundsException: Message: Move target (496, 820) is out of bounds of viewport dimensions (1280, 803)\nE       Stacktrace:\nE       RemoteError@chrome://remote/content/shared/RemoteError.sys.mjs:8:8\nE       WebDriverError@chrome://remote/content/shared/webdriver/Errors.sys.mjs:199:5\nE       MoveTargetOutOfBoundsError@chrome://remote/content/shared/webdriver/Errors.sys.mjs:518:5\nE       assertTargetInViewPort@chrome://remote/content/shared/webdriver/Actions.sys.mjs:3122:11\nE       #assertInViewPort@chrome://remote/content/marionette/actors/MarionetteCommandsChild.sys.mjs:67:17\nE       receiveMessage@chrome://remote/content/marionette/actors/MarionetteCommandsChild.sys.mjs:187:42\n\n../../../../../.pyenv/versions/3.13.4/lib/python3.13/site-packages/selenium/webdriver/remote/errorhandler.py:232: MoveTargetOutOfBoundsException"}, "description": "Заказы пользователя из раздела «История заказов» отображаются на странице «Лента заказов»", "steps": [{"name": "Выполни вход на сайт", "status": "passed", "steps": [{"name": "Нажми на \"Войти в аккаунт\"", "status": "passed", "start": 1759839775979, "stop": 1759839776080}, {"name": "Введи имейл", "status": "passed", "parameters": [{"name": "email", "value": "'Diplomtest@mail.com'"}], "start": 1759839776080, "stop": 1759839776109}, {"name": "Введи пароль", "status": "passed", "parameters": [{"name": "password", "value": "'password123'"}], "start": 1759839776109, "stop": 1759839776120}, {"name": "Кликни на кнопку \"Войти\"", "status": "passed", "start": 1759839776120, "stop": 1759839776193}], "start": 1759839775979, "stop": 1759839776193}, {"name": "Перетащи булочку в Заказ", "status": "passed", "start": 1759839776194, "stop": 1759839777272}, {"name": "Перетащи ингридиент в Заказ", "status": "broken", "statusDetails": {"message": "selenium.common.exceptions.MoveTargetOutOfBoundsException: Message: Move target (496, 820) is out of bounds of viewport dimensions (1280, 803)\nStacktrace:\nRemoteError@chrome://remote/content/shared/RemoteError.sys.mjs:8:8\nWebDriverError@chrome://remote/content/shared/webdriver/Errors.sys.mjs:199:5\nMoveTargetOutOfBoundsError@chrome://remote/content/shared/webdriver/Errors.sys.mjs:518:5\nassertTargetInViewPort@chrome://remote/content/shared/webdriver/Actions.sys.mjs:3122:11\n#assertInViewPort@chrome://remote/content/marionette/actors/MarionetteCommandsChild.sys.mjs:67:17\nreceiveMessage@chrome://remote/content/marionette/actors/MarionetteCommandsChild.sys.mjs:187:42\n\n", "trace": "  File \"/Users/oksanabelotelova/.pyenv/versions/3.13.4/lib/python3.13/site-packages/allure_commons/_allure.py\", line 202, in impl\n    return func(*a, **kw)\n  File \"/Users/oksanabelotelova/Documents/Yandex practicum/Autotests/Diplom/Diplom_3/pages/base_page.py\", line 127, in drag_and_drop_ingredient\n    self.actions.drag_and_drop(draggable, droppable).perform()\n    ~~~~~~~~~~~~~~~~~~~~~~~~~~~~~~~~~~~~~~~~~~~~~~~~~~~~~~~~^^\n  File \"/Users/oksanabelotelova/.pyenv/versions/3.13.4/lib/python3.13/site-packages/selenium/webdriver/common/action_chains.py\", line 93, in perform\n    self.w3c_actions.perform()\n    ~~~~~~~~~~~~~~~~~~~~~~~~^^\n  File \"/Users/oksanabelotelova/.pyenv/versions/3.13.4/lib/python3.13/site-packages/selenium/webdriver/common/actions/action_builder.py\", line 168, in perform\n    self.driver.execute(Command.W3C_ACTIONS, enc)\n    ~~~~~~~~~~~~~~~~~~~^^^^^^^^^^^^^^^^^^^^^^^^^^\n  File \"/Users/oksanabelotelova/.pyenv/versions/3.13.4/lib/python3.13/site-packages/selenium/webdriver/remote/webdriver.py\", line 454, in execute\n    self.error_handler.check_response(response)\n    ~~~~~~~~~~~~~~~~~~~~~~~~~~~~~~~~~^^^^^^^^^^\n  File \"/Users/oksanabelotelova/.pyenv/versions/3.13.4/lib/python3.13/site-packages/selenium/webdriver/remote/errorhandler.py\", line 232, in check_response\n    raise exception_class(message, screen, stacktrace)\n"}, "start": 1759839777272, "stop": 1759839777282}], "parameters": [{"name": "driver", "value": "'firefox'"}], "start": 1759839775979, "stop": 1759839777283, "uuid": "b13ec01d-b1fe-4289-a6e9-eb6947f9657b", "historyId": "634664b759586532487cdb8e049bda7a", "testCaseId": "65ef3b6289e4d2704bc4eed6cd875d6e", "fullName": "tests.test_orders_feed.TestOrdersFeed#test_users_order_is_displayed_in_orders_feed", "labels": [{"name": "parentSuite", "value": "tests"}, {"name": "suite", "value": "test_orders_feed"}, {"name": "subSuite", "value": "TestOrdersFeed"}, {"name": "host", "value": "MacBook-Pro-Oksana.local"}, {"name": "thread", "value": "59305-MainThread"}, {"name": "framework", "value": "pytest"}, {"name": "language", "value": "cpython3"}, {"name": "package", "value": "tests.test_orders_feed"}], "titlePath": ["tests", "test_orders_feed.py", "TestOrdersFeed"]}